<?xml version="1.0" encoding="UTF-8"?>
<!-- Generated by org.testng.reporters.JUnitXMLReporter -->
<testsuite ignored="1" hostname="Sagar" failures="0" tests="2" name="MyTest2025" time="12.03" errors="0" timestamp="2025-02-26T23:58:22 IST">
  <testcase classname="seleniumone.testngpractice" name="captureurl" time="4.774"/>
  <testcase classname="seleniumone.testngpractice" name="capturetitle" time="4.782"/>
  <testcase classname="seleniumone.testngpractice" name="loginTest" time="0.0">
    <ignored/>
  </testcase> <!-- loginTest -->
</testsuite> <!-- MyTest2025 -->
