<?xml version="1.0" encoding="UTF-8"?>
<!-- Generated by org.testng.reporters.JUnitXMLReporter -->
<testsuite ignored="1" hostname="Sagar" failures="0" tests="2" name="Default test" time="14.706" errors="0" timestamp="2025-02-27T16:35:02 IST">
  <testcase classname="seleniumone.testngpractice" name="captureurl" time="5.416"/>
  <testcase classname="seleniumone.testngpractice" name="capturetitle" time="6.662"/>
  <testcase classname="seleniumone.testngpractice" name="loginTest" time="0.0">
    <ignored/>
  </testcase> <!-- loginTest -->
</testsuite> <!-- Default test -->
