<?xml version="1.0" encoding="UTF-8"?>
<!-- Generated by org.testng.reporters.JUnitXMLReporter -->
<testsuite ignored="1" hostname="Sagar" failures="0" tests="4" name="Default test" time="32.075" errors="0" timestamp="2025-03-24T21:40:48 IST">
  <testcase classname="seleniumone.testngpractice" name="captureFacebook" time="3.754"/>
  <testcase classname="seleniumone.testngpractice" name="captureTitleSpiceJet" time="9.64"/>
  <testcase classname="seleniumone.testngpractice" name="captureurl" time="6.988"/>
  <testcase classname="seleniumone.testngpractice" name="capturetitle" time="6.952"/>
  <testcase classname="seleniumone.testngpractice" name="loginTest" time="0.0">
    <ignored/>
  </testcase> <!-- loginTest -->
</testsuite> <!-- Default test -->
