<?xml version="1.0" encoding="UTF-8"?>
<!-- Generated by org.testng.reporters.JUnitXMLReporter -->
<testsuite ignored="1" hostname="Sagar" failures="0" tests="2" name="Test1" time="16.027" errors="0" timestamp="2025-02-27T16:22:52 IST">
  <testcase classname="seleniumone.testngpractice" name="captureurl" time="6.434"/>
  <testcase classname="seleniumone.testngpractice" name="capturetitle" time="6.77"/>
  <testcase classname="seleniumone.testngpractice" name="loginTest" time="0.0">
    <ignored/>
  </testcase> <!-- loginTest -->
</testsuite> <!-- Test1 -->
