<?xml version="1.0" encoding="UTF-8"?>
<testng-results ignored="0" total="2" passed="2" failed="0" skipped="0">
  <reporter-output>
  </reporter-output>
  <suite started-at="2025-02-27T16:40:35 IST" name="MyTestSuite" finished-at="2025-02-27T16:40:50 IST" duration-ms="14465">
    <groups>
    </groups>
    <test started-at="2025-02-27T16:40:35 IST" name="MyTest2025" finished-at="2025-02-27T16:40:50 IST" duration-ms="14465">
      <class name="seleniumone.testngpractice">
        <test-method is-config="true" signature="before_method()[pri:0, instance:seleniumone.testngpractice@4b5d6a01]" started-at="2025-02-27T16:40:35 IST" name="before_method" finished-at="2025-02-27T16:40:37 IST" duration-ms="1432" status="PASS">
          <reporter-output>
          </reporter-output>
        </test-method> <!-- before_method -->
        <test-method signature="captureurl()[pri:2, instance:seleniumone.testngpractice@4b5d6a01]" started-at="2025-02-27T16:40:37 IST" name="captureurl" finished-at="2025-02-27T16:40:41 IST" duration-ms="4724" status="PASS">
          <reporter-output>
          </reporter-output>
        </test-method> <!-- captureurl -->
        <test-method is-config="true" signature="after_method()[pri:0, instance:seleniumone.testngpractice@4b5d6a01]" started-at="2025-02-27T16:40:41 IST" name="after_method" finished-at="2025-02-27T16:40:42 IST" duration-ms="209" status="PASS">
          <reporter-output>
          </reporter-output>
        </test-method> <!-- after_method -->
        <test-method is-config="true" signature="before_method()[pri:0, instance:seleniumone.testngpractice@4b5d6a01]" started-at="2025-02-27T16:40:42 IST" name="before_method" finished-at="2025-02-27T16:40:43 IST" duration-ms="966" status="PASS">
          <reporter-output>
          </reporter-output>
        </test-method> <!-- before_method -->
        <test-method signature="capturetitle()[pri:3, instance:seleniumone.testngpractice@4b5d6a01]" started-at="2025-02-27T16:40:43 IST" name="capturetitle" finished-at="2025-02-27T16:40:49 IST" duration-ms="6929" status="PASS">
          <reporter-output>
          </reporter-output>
        </test-method> <!-- capturetitle -->
        <test-method is-config="true" signature="after_method()[pri:0, instance:seleniumone.testngpractice@4b5d6a01]" started-at="2025-02-27T16:40:49 IST" name="after_method" finished-at="2025-02-27T16:40:50 IST" duration-ms="164" status="PASS">
          <reporter-output>
          </reporter-output>
        </test-method> <!-- after_method -->
      </class> <!-- seleniumone.testngpractice -->
    </test> <!-- MyTest2025 -->
  </suite> <!-- MyTestSuite -->
</testng-results>
