<?xml version="1.0" encoding="UTF-8"?>
<testng-results ignored="0" total="2" passed="2" failed="0" skipped="0">
  <reporter-output>
  </reporter-output>
  <suite started-at="2025-02-27T16:34:47 IST" name="Default suite" finished-at="2025-02-27T16:35:02 IST" duration-ms="14706">
    <groups>
    </groups>
    <test started-at="2025-02-27T16:34:47 IST" name="Default test" finished-at="2025-02-27T16:35:02 IST" duration-ms="14706">
      <class name="seleniumone.testngpractice">
        <test-method is-config="true" signature="before_method()[pri:0, instance:seleniumone.testngpractice@33065d67]" started-at="2025-02-27T16:34:47 IST" name="before_method" finished-at="2025-02-27T16:34:49 IST" duration-ms="1328" status="PASS">
          <reporter-output>
          </reporter-output>
        </test-method> <!-- before_method -->
        <test-method signature="captureurl()[pri:2, instance:seleniumone.testngpractice@33065d67]" started-at="2025-02-27T16:34:49 IST" name="captureurl" finished-at="2025-02-27T16:34:54 IST" duration-ms="5416" status="PASS">
          <reporter-output>
          </reporter-output>
        </test-method> <!-- captureurl -->
        <test-method is-config="true" signature="after_method()[pri:0, instance:seleniumone.testngpractice@33065d67]" started-at="2025-02-27T16:34:54 IST" name="after_method" finished-at="2025-02-27T16:34:54 IST" duration-ms="162" status="PASS">
          <reporter-output>
          </reporter-output>
        </test-method> <!-- after_method -->
        <test-method is-config="true" signature="before_method()[pri:0, instance:seleniumone.testngpractice@33065d67]" started-at="2025-02-27T16:34:54 IST" name="before_method" finished-at="2025-02-27T16:34:55 IST" duration-ms="942" status="PASS">
          <reporter-output>
          </reporter-output>
        </test-method> <!-- before_method -->
        <test-method signature="capturetitle()[pri:3, instance:seleniumone.testngpractice@33065d67]" started-at="2025-02-27T16:34:55 IST" name="capturetitle" finished-at="2025-02-27T16:35:02 IST" duration-ms="6662" status="PASS">
          <reporter-output>
          </reporter-output>
        </test-method> <!-- capturetitle -->
        <test-method is-config="true" signature="after_method()[pri:0, instance:seleniumone.testngpractice@33065d67]" started-at="2025-02-27T16:35:02 IST" name="after_method" finished-at="2025-02-27T16:35:02 IST" duration-ms="159" status="PASS">
          <reporter-output>
          </reporter-output>
        </test-method> <!-- after_method -->
      </class> <!-- seleniumone.testngpractice -->
    </test> <!-- Default test -->
  </suite> <!-- Default suite -->
</testng-results>
