<?xml version="1.0" encoding="UTF-8"?>
<testng-results ignored="0" total="4" passed="4" failed="0" skipped="0">
  <reporter-output>
  </reporter-output>
  <suite started-at="2025-03-24T21:40:16 IST" name="Default suite" finished-at="2025-03-24T21:40:48 IST" duration-ms="32075">
    <groups>
    </groups>
    <test started-at="2025-03-24T21:40:16 IST" name="Default test" finished-at="2025-03-24T21:40:48 IST" duration-ms="32075">
      <class name="seleniumone.testngpractice">
        <test-method is-config="true" signature="before_method()[pri:0, instance:seleniumone.testngpractice@7bba5817]" started-at="2025-03-24T21:40:16 IST" name="before_method" finished-at="2025-03-24T21:40:18 IST" duration-ms="1274" status="PASS">
          <reporter-output>
          </reporter-output>
        </test-method> <!-- before_method -->
        <test-method signature="captureFacebook()[pri:-4, instance:seleniumone.testngpractice@7bba5817]" started-at="2025-03-24T21:40:18 IST" name="captureFacebook" finished-at="2025-03-24T21:40:21 IST" duration-ms="3754" status="PASS">
          <reporter-output>
          </reporter-output>
        </test-method> <!-- captureFacebook -->
        <test-method is-config="true" signature="after_method()[pri:0, instance:seleniumone.testngpractice@7bba5817]" started-at="2025-03-24T21:40:21 IST" name="after_method" finished-at="2025-03-24T21:40:22 IST" duration-ms="171" status="PASS">
          <reporter-output>
          </reporter-output>
        </test-method> <!-- after_method -->
        <test-method is-config="true" signature="before_method()[pri:0, instance:seleniumone.testngpractice@7bba5817]" started-at="2025-03-24T21:40:22 IST" name="before_method" finished-at="2025-03-24T21:40:23 IST" duration-ms="960" status="PASS">
          <reporter-output>
          </reporter-output>
        </test-method> <!-- before_method -->
        <test-method signature="captureTitleSpiceJet()[pri:0, instance:seleniumone.testngpractice@7bba5817]" started-at="2025-03-24T21:40:23 IST" name="captureTitleSpiceJet" finished-at="2025-03-24T21:40:32 IST" duration-ms="9640" status="PASS">
          <reporter-output>
          </reporter-output>
        </test-method> <!-- captureTitleSpiceJet -->
        <test-method is-config="true" signature="after_method()[pri:0, instance:seleniumone.testngpractice@7bba5817]" started-at="2025-03-24T21:40:32 IST" name="after_method" finished-at="2025-03-24T21:40:32 IST" duration-ms="136" status="PASS">
          <reporter-output>
          </reporter-output>
        </test-method> <!-- after_method -->
        <test-method is-config="true" signature="before_method()[pri:0, instance:seleniumone.testngpractice@7bba5817]" started-at="2025-03-24T21:40:32 IST" name="before_method" finished-at="2025-03-24T21:40:33 IST" duration-ms="900" status="PASS">
          <reporter-output>
          </reporter-output>
        </test-method> <!-- before_method -->
        <test-method signature="captureurl()[pri:2, instance:seleniumone.testngpractice@7bba5817]" started-at="2025-03-24T21:40:33 IST" name="captureurl" finished-at="2025-03-24T21:40:40 IST" duration-ms="6988" status="PASS">
          <reporter-output>
          </reporter-output>
        </test-method> <!-- captureurl -->
        <test-method is-config="true" signature="after_method()[pri:0, instance:seleniumone.testngpractice@7bba5817]" started-at="2025-03-24T21:40:40 IST" name="after_method" finished-at="2025-03-24T21:40:40 IST" duration-ms="131" status="PASS">
          <reporter-output>
          </reporter-output>
        </test-method> <!-- after_method -->
        <test-method is-config="true" signature="before_method()[pri:0, instance:seleniumone.testngpractice@7bba5817]" started-at="2025-03-24T21:40:40 IST" name="before_method" finished-at="2025-03-24T21:40:41 IST" duration-ms="936" status="PASS">
          <reporter-output>
          </reporter-output>
        </test-method> <!-- before_method -->
        <test-method signature="capturetitle()[pri:3, instance:seleniumone.testngpractice@7bba5817]" started-at="2025-03-24T21:40:41 IST" name="capturetitle" finished-at="2025-03-24T21:40:48 IST" duration-ms="6952" status="PASS">
          <reporter-output>
          </reporter-output>
        </test-method> <!-- capturetitle -->
        <test-method is-config="true" signature="after_method()[pri:0, instance:seleniumone.testngpractice@7bba5817]" started-at="2025-03-24T21:40:48 IST" name="after_method" finished-at="2025-03-24T21:40:48 IST" duration-ms="196" status="PASS">
          <reporter-output>
          </reporter-output>
        </test-method> <!-- after_method -->
      </class> <!-- seleniumone.testngpractice -->
    </test> <!-- Default test -->
  </suite> <!-- Default suite -->
</testng-results>
